<?xml version="1.0" encoding="UTF-8"?>
<!-- Generated by org.testng.reporters.JUnitReportReporter -->
<testsuite hostname="ashna" failures="0" tests="3" name="testscript.HomePageTest" time="34.211" errors="0" timestamp="2026-03-16T11:44:11 IST" skipped="0">
  <testcase classname="testscript.HomePageTest" name="verifylogout" time="2.466"/>
  <testcase classname="testscript.HomePageTest" name="verifylogout" time="4.323"/>
  <testcase classname="testscript.HomePageTest" name="verifylogout" time="27.422"/>
</testsuite> <!-- testscript.HomePageTest -->
