<?xml version="1.0" encoding="UTF-8"?>
<testng-results ignored="0" total="2" passed="2" failed="0" skipped="0">
  <reporter-output>
  </reporter-output>
  <suite started-at="2026-03-24T23:55:46 IST" name="paralleltesting" finished-at="2026-03-24T23:55:55 IST" duration-ms="8886">
    <groups>
    </groups>
    <test started-at="2026-03-24T23:55:46 IST" name="chromeTest" finished-at="2026-03-24T23:55:55 IST" duration-ms="8886">
      <class name="testscript.NewsTest">
        <test-method is-config="true" signature="browserintialization(java.lang.String)[pri:0, instance:testscript.NewsTest@446a1e84]" started-at="2026-03-24T23:55:46 IST" name="browserintialization" finished-at="2026-03-24T23:55:49 IST" duration-ms="2648" status="PASS">
          <params>
            <param index="0">
              <value>
                <![CDATA[chrome]]>
              </value>
            </param>
          </params>
          <reporter-output>
          </reporter-output>
        </test-method> <!-- browserintialization -->
        <test-method signature="addNews()[pri:0, instance:testscript.NewsTest@446a1e84]" started-at="2026-03-24T23:55:49 IST" name="addNews" description="Verify adding news messages in the News page" finished-at="2026-03-24T23:55:52 IST" duration-ms="3341" status="PASS">
          <reporter-output>
          </reporter-output>
        </test-method> <!-- addNews -->
        <test-method is-config="true" signature="afterMethod(org.testng.ITestResult)[pri:0, instance:testscript.NewsTest@446a1e84]" started-at="2026-03-24T23:55:52 IST" name="afterMethod" finished-at="2026-03-24T23:55:52 IST" duration-ms="165" status="PASS">
          <params>
            <param index="0">
              <value>
                <![CDATA[[TestResult name=addNews status=SUCCESS method=NewsTest.addNews()[pri:0, instance:testscript.NewsTest@446a1e84] output={null}]]]>
              </value>
            </param>
          </params>
          <reporter-output>
          </reporter-output>
        </test-method> <!-- afterMethod -->
        <test-method is-config="true" signature="browserintialization(java.lang.String)[pri:0, instance:testscript.NewsTest@446a1e84]" started-at="2026-03-24T23:55:52 IST" name="browserintialization" finished-at="2026-03-24T23:55:54 IST" duration-ms="1219" status="PASS">
          <params>
            <param index="0">
              <value>
                <![CDATA[chrome]]>
              </value>
            </param>
          </params>
          <reporter-output>
          </reporter-output>
        </test-method> <!-- browserintialization -->
        <test-method signature="searchNews()[pri:0, instance:testscript.NewsTest@446a1e84]" started-at="2026-03-24T23:55:54 IST" name="searchNews" finished-at="2026-03-24T23:55:55 IST" duration-ms="1321" status="PASS">
          <reporter-output>
          </reporter-output>
        </test-method> <!-- searchNews -->
        <test-method is-config="true" signature="afterMethod(org.testng.ITestResult)[pri:0, instance:testscript.NewsTest@446a1e84]" started-at="2026-03-24T23:55:55 IST" name="afterMethod" finished-at="2026-03-24T23:55:55 IST" duration-ms="143" status="PASS">
          <params>
            <param index="0">
              <value>
                <![CDATA[[TestResult name=searchNews status=SUCCESS method=NewsTest.searchNews()[pri:0, instance:testscript.NewsTest@446a1e84] output={null}]]]>
              </value>
            </param>
          </params>
          <reporter-output>
          </reporter-output>
        </test-method> <!-- afterMethod -->
      </class> <!-- testscript.NewsTest -->
    </test> <!-- chromeTest -->
  </suite> <!-- paralleltesting -->
</testng-results>
