<?xml version="1.0" encoding="UTF-8"?>
<!-- Generated by org.testng.reporters.JUnitXMLReporter -->
<testsuite ignored="0" hostname="ashna" failures="1" tests="2" name="chromeTest" time="14.663" errors="0" timestamp="2026-03-15T00:57:48 IST">
  <testcase classname="testscript.HomePageTest" name="verifylogout" time="9.509"/>
  <testcase classname="testscript.ManageTest" name="verifyManagerInfo" time="11.72">
    <failure type="org.openqa.selenium.ElementClickInterceptedException" message="element click intercepted: Element is not clickable at point (480, 614)
  (Session info: chrome=146.0.7680.75)
Build info: version: &amp;apos;4.38.0&amp;apos;, revision: &amp;apos;6b412e825c*&amp;apos;
System info: os.name: &amp;apos;Windows 11&amp;apos;, os.arch: &amp;apos;amd64&amp;apos;, os.version: &amp;apos;10.0&amp;apos;, java.version: &amp;apos;17.0.12&amp;apos;
Driver info: org.openqa.selenium.chrome.ChromeDriver
Command: [e44e6a4b835fa05edb02e0e15f932841, clickElement {id=f.AA6A5C50472DA288A30EC0606B251F60.d.43EDF6AE531ADBE00566E72B56F77D78.e.86}]
Capabilities {acceptInsecureCerts: false, browserName: chrome, browserVersion: 146.0.7680.75, chrome: {chromedriverVersion: 146.0.7680.80 (f08938029c88..., userDataDir: C:\Users\ashna\AppData\Loca...}, fedcm:accounts: true, goog:chromeOptions: {debuggerAddress: localhost:59645}, goog:processID: 2552, networkConnectionEnabled: false, pageLoadStrategy: normal, platformName: windows, proxy: Proxy(), se:cdp: ws://localhost:59645/devtoo..., se:cdpVersion: 146.0.7680.75, setWindowRect: true, strictFileInteractability: false, timeouts: {implicit: 0, pageLoad: 300000, script: 30000}, unhandledPromptBehavior: dismiss and notify, webauthn:extension:credBlob: true, webauthn:extension:largeBlob: true, webauthn:extension:minPinLength: true, webauthn:extension:prf: true, webauthn:virtualAuthenticators: true}
Element: [[ChromeDriver: chrome on windows (e44e6a4b835fa05edb02e0e15f932841)] -&amp;gt; xpath: (//input[@value=&amp;apos;no&amp;apos;])[1]]
Session ID: e44e6a4b835fa05edb02e0e15f932841">
      <![CDATA[org.openqa.selenium.ElementClickInterceptedException: element click intercepted: Element is not clickable at point (480, 614)
  (Session info: chrome=146.0.7680.75)
Build info: version: '4.38.0', revision: '6b412e825c*'
System info: os.name: 'Windows 11', os.arch: 'amd64', os.version: '10.0', java.version: '17.0.12'
Driver info: org.openqa.selenium.chrome.ChromeDriver
Command: [e44e6a4b835fa05edb02e0e15f932841, clickElement {id=f.AA6A5C50472DA288A30EC0606B251F60.d.43EDF6AE531ADBE00566E72B56F77D78.e.86}]
Capabilities {acceptInsecureCerts: false, browserName: chrome, browserVersion: 146.0.7680.75, chrome: {chromedriverVersion: 146.0.7680.80 (f08938029c88..., userDataDir: C:\Users\ashna\AppData\Loca...}, fedcm:accounts: true, goog:chromeOptions: {debuggerAddress: localhost:59645}, goog:processID: 2552, networkConnectionEnabled: false, pageLoadStrategy: normal, platformName: windows, proxy: Proxy(), se:cdp: ws://localhost:59645/devtoo..., se:cdpVersion: 146.0.7680.75, setWindowRect: true, strictFileInteractability: false, timeouts: {implicit: 0, pageLoad: 300000, script: 30000}, unhandledPromptBehavior: dismiss and notify, webauthn:extension:credBlob: true, webauthn:extension:largeBlob: true, webauthn:extension:minPinLength: true, webauthn:extension:prf: true, webauthn:virtualAuthenticators: true}
Element: [[ChromeDriver: chrome on windows (e44e6a4b835fa05edb02e0e15f932841)] -> xpath: (//input[@value='no'])[1]]
Session ID: e44e6a4b835fa05edb02e0e15f932841
at org.openqa.selenium.remote.ErrorCodec.decode(ErrorCodec.java:167)
at org.openqa.selenium.remote.codec.w3c.W3CHttpResponseCodec.decode(W3CHttpResponseCodec.java:138)
at org.openqa.selenium.remote.codec.w3c.W3CHttpResponseCodec.decode(W3CHttpResponseCodec.java:50)
at org.openqa.selenium.remote.HttpCommandExecutor.execute(HttpCommandExecutor.java:215)
at org.openqa.selenium.remote.service.DriverCommandExecutor.invokeExecute(DriverCommandExecutor.java:216)
at org.openqa.selenium.remote.service.DriverCommandExecutor.execute(DriverCommandExecutor.java:174)
at org.openqa.selenium.remote.RemoteWebDriver.execute(RemoteWebDriver.java:557)
at org.openqa.selenium.remote.RemoteWebElement.execute(RemoteWebElement.java:223)
at org.openqa.selenium.remote.RemoteWebElement.click(RemoteWebElement.java:76)
at org.openqa.selenium.support.pagefactory.internal.LocatingElementHandler.invoke(LocatingElementHandler.java:51)
at jdk.proxy2/jdk.proxy2.$Proxy15.click(Unknown Source)
at pages.ManagePage.topMenu(ManagePage.java:75)
at testscript.ManageTest.verifyManagerInfo(ManageTest.java:36)
at java.base/java.util.concurrent.Executors$RunnableAdapter.call(Executors.java:539)
at java.base/java.util.concurrent.FutureTask.run(FutureTask.java:264)
at java.base/java.util.concurrent.ThreadPoolExecutor.runWorker(ThreadPoolExecutor.java:1136)
at java.base/java.util.concurrent.ThreadPoolExecutor$Worker.run(ThreadPoolExecutor.java:635)
at java.base/java.lang.Thread.run(Thread.java:842)
... Removed 22 stack frames]]>
    </failure>
  </testcase> <!-- verifyManagerInfo -->
</testsuite> <!-- chromeTest -->
