<?xml version="1.0" encoding="UTF-8"?>
<!-- Generated by org.testng.reporters.JUnitXMLReporter -->
<testsuite ignored="3" hostname="ashna" failures="0" tests="1" name="Test" time="0.059" errors="0" timestamp="2026-03-13T11:15:32 IST">
  <testcase classname="testscript.Base" name="@BeforeMethod browserintialization" time="-1.77338073272E9">
    <failure type="org.testng.TestNGException" message="
Parameter &amp;apos;Browser&amp;apos; is required by BeforeMethod on method browserintialization but has not been marked @Optional or defined
in C:\Users\ashna\git\7Rmartrepo\ProjectSuperMarket\testng.xml">
      <![CDATA[org.testng.TestNGException: 
Parameter 'Browser' is required by BeforeMethod on method browserintialization but has not been marked @Optional or defined
in C:\Users\ashna\git\7Rmartrepo\ProjectSuperMarket\testng.xml
at java.base/java.util.ArrayList.forEach(ArrayList.java:1511)
... Removed 28 stack frames]]>
    </failure>
  </testcase> <!-- @BeforeMethod browserintialization -->
  <testcase classname="testscript.LoginPageTest" name="verifyvalidUsernameAndValidPassword" time="0.001">
    <skipped/>
  </testcase> <!-- verifyvalidUsernameAndValidPassword -->
  <testcase classname="testscript.LoginPageTest" name="verifyInvalidUsernameAndValidPassword" time="0.0">
    <ignored/>
  </testcase> <!-- verifyInvalidUsernameAndValidPassword -->
  <testcase classname="testscript.LoginPageTest" name="verifyValidUsernameAndInvalidPassword" time="0.0">
    <ignored/>
  </testcase> <!-- verifyValidUsernameAndInvalidPassword -->
  <testcase classname="testscript.LoginPageTest" name="verifyData" time="0.0">
    <ignored/>
  </testcase> <!-- verifyData -->
</testsuite> <!-- Test -->
